<?xml version="1.0" encoding="UTF-8"?>
<testsuite name="com.ceiba.controlador.ControladorHistorialAlmacenamientoTest" tests="6" skipped="0" failures="0" errors="0" timestamp="2019-12-17T13:30:42" hostname="ANDRES-OROZCO" time="1.073">
  <properties/>
  <testcase name="metodoConsultarHistorialAlmacenamiento" classname="com.ceiba.controlador.ControladorHistorialAlmacenamientoTest" time="0.839"/>
  <testcase name="validarManejadorDeErrorInternal" classname="com.ceiba.controlador.ControladorHistorialAlmacenamientoTest" time="0.043"/>
  <testcase name="metodoCrearHistorialAlmacenamient" classname="com.ceiba.controlador.ControladorHistorialAlmacenamientoTest" time="0.027"/>
  <testcase name="validarManejadorDeErrorEnExcepcion" classname="com.ceiba.controlador.ControladorHistorialAlmacenamientoTest" time="0.01"/>
  <testcase name="metodoListarHistorialAlmacenamiento" classname="com.ceiba.controlador.ControladorHistorialAlmacenamientoTest" time="0.084"/>
  <testcase name="metodoSalidaContenedor" classname="com.ceiba.controlador.ControladorHistorialAlmacenamientoTest" time="0.064"/>
  <system-out><![CDATA[08:30:29.898 [Test worker] DEBUG org.springframework.test.context.junit4.SpringJUnit4ClassRunner - SpringJUnit4ClassRunner constructor called with [class com.ceiba.controlador.ControladorHistorialAlmacenamientoTest]
08:30:29.919 [Test worker] DEBUG org.springframework.test.context.BootstrapUtils - Instantiating CacheAwareContextLoaderDelegate from class [org.springframework.test.context.cache.DefaultCacheAwareContextLoaderDelegate]
08:30:29.951 [Test worker] DEBUG org.springframework.test.context.BootstrapUtils - Instantiating BootstrapContext using constructor [public org.springframework.test.context.support.DefaultBootstrapContext(java.lang.Class,org.springframework.test.context.CacheAwareContextLoaderDelegate)]
08:30:30.042 [Test worker] DEBUG org.springframework.test.context.BootstrapUtils - Instantiating TestContextBootstrapper for test class [com.ceiba.controlador.ControladorHistorialAlmacenamientoTest] from class [org.springframework.boot.test.context.SpringBootTestContextBootstrapper]
08:30:30.079 [Test worker] INFO org.springframework.boot.test.context.SpringBootTestContextBootstrapper - Neither @ContextConfiguration nor @ContextHierarchy found for test class [com.ceiba.controlador.ControladorHistorialAlmacenamientoTest], using SpringBootContextLoader
08:30:30.092 [Test worker] DEBUG org.springframework.test.context.support.AbstractContextLoader - Did not detect default resource location for test class [com.ceiba.controlador.ControladorHistorialAlmacenamientoTest]: class path resource [com/ceiba/controlador/ControladorHistorialAlmacenamientoTest-context.xml] does not exist
08:30:30.094 [Test worker] DEBUG org.springframework.test.context.support.AbstractContextLoader - Did not detect default resource location for test class [com.ceiba.controlador.ControladorHistorialAlmacenamientoTest]: class path resource [com/ceiba/controlador/ControladorHistorialAlmacenamientoTestContext.groovy] does not exist
08:30:30.095 [Test worker] INFO org.springframework.test.context.support.AbstractContextLoader - Could not detect default resource locations for test class [com.ceiba.controlador.ControladorHistorialAlmacenamientoTest]: no resource found for suffixes {-context.xml, Context.groovy}.
08:30:30.097 [Test worker] INFO org.springframework.test.context.support.AnnotationConfigContextLoaderUtils - Could not detect default configuration classes for test class [com.ceiba.controlador.ControladorHistorialAlmacenamientoTest]: ControladorHistorialAlmacenamientoTest does not declare any static, non-private, non-final, nested classes annotated with @Configuration.
08:30:30.236 [Test worker] DEBUG org.springframework.test.context.support.ActiveProfilesUtils - Could not find an 'annotation declaring class' for annotation type [org.springframework.test.context.ActiveProfiles] and class [com.ceiba.controlador.ControladorHistorialAlmacenamientoTest]
08:30:30.476 [Test worker] DEBUG org.springframework.context.annotation.ClassPathScanningCandidateComponentProvider - Identified candidate component class: file [C:\Users\andres.orozco\Desktop\Bodega_AdnCeiba\BODEGA_ADN_CEIBA\infraestructura\build\classes\java\main\com\ceiba\Application.class]
08:30:30.479 [Test worker] INFO org.springframework.boot.test.context.SpringBootTestContextBootstrapper - Found @SpringBootConfiguration com.ceiba.Application for test class com.ceiba.controlador.ControladorHistorialAlmacenamientoTest
08:30:30.797 [Test worker] DEBUG org.springframework.boot.test.context.SpringBootTestContextBootstrapper - @TestExecutionListeners is not present for class [com.ceiba.controlador.ControladorHistorialAlmacenamientoTest]: using defaults.
08:30:30.799 [Test worker] INFO org.springframework.boot.test.context.SpringBootTestContextBootstrapper - Loaded default TestExecutionListener class names from location [META-INF/spring.factories]: [org.springframework.boot.test.autoconfigure.restdocs.RestDocsTestExecutionListener, org.springframework.boot.test.autoconfigure.web.client.MockRestServiceServerResetTestExecutionListener, org.springframework.boot.test.autoconfigure.web.servlet.MockMvcPrintOnlyOnFailureTestExecutionListener, org.springframework.boot.test.autoconfigure.web.servlet.WebDriverTestExecutionListener, org.springframework.boot.test.mock.mockito.MockitoTestExecutionListener, org.springframework.boot.test.mock.mockito.ResetMocksTestExecutionListener, org.springframework.test.context.web.ServletTestExecutionListener, org.springframework.test.context.support.DirtiesContextBeforeModesTestExecutionListener, org.springframework.test.context.support.DependencyInjectionTestExecutionListener, org.springframework.test.context.support.DirtiesContextTestExecutionListener, org.springframework.test.context.transaction.TransactionalTestExecutionListener, org.springframework.test.context.jdbc.SqlScriptsTestExecutionListener]
08:30:30.856 [Test worker] INFO org.springframework.boot.test.context.SpringBootTestContextBootstrapper - Using TestExecutionListeners: [org.springframework.test.context.web.ServletTestExecutionListener@4086f85d, org.springframework.test.context.support.DirtiesContextBeforeModesTestExecutionListener@1a83da0b, org.springframework.boot.test.mock.mockito.MockitoTestExecutionListener@39af4925, org.springframework.boot.test.autoconfigure.SpringBootDependencyInjectionTestExecutionListener@3726232e, org.springframework.test.context.support.DirtiesContextTestExecutionListener@40956187, org.springframework.test.context.transaction.TransactionalTestExecutionListener@44c2b81c, org.springframework.test.context.jdbc.SqlScriptsTestExecutionListener@76737c0, org.springframework.boot.test.autoconfigure.restdocs.RestDocsTestExecutionListener@1de5b51, org.springframework.boot.test.autoconfigure.web.client.MockRestServiceServerResetTestExecutionListener@6aac8bb4, org.springframework.boot.test.autoconfigure.web.servlet.MockMvcPrintOnlyOnFailureTestExecutionListener@3bffdca5, org.springframework.boot.test.autoconfigure.web.servlet.WebDriverTestExecutionListener@518352d, org.springframework.boot.test.mock.mockito.ResetMocksTestExecutionListener@766fe20c]
08:30:30.864 [Test worker] DEBUG org.springframework.test.annotation.ProfileValueUtils - Retrieved @ProfileValueSourceConfiguration [null] for test class [com.ceiba.controlador.ControladorHistorialAlmacenamientoTest]
08:30:30.865 [Test worker] DEBUG org.springframework.test.annotation.ProfileValueUtils - Retrieved ProfileValueSource type [class org.springframework.test.annotation.SystemProfileValueSource] for class [com.ceiba.controlador.ControladorHistorialAlmacenamientoTest]
08:30:30.867 [Test worker] DEBUG org.springframework.test.annotation.ProfileValueUtils - Retrieved @ProfileValueSourceConfiguration [null] for test class [com.ceiba.controlador.ControladorHistorialAlmacenamientoTest]
08:30:30.867 [Test worker] DEBUG org.springframework.test.annotation.ProfileValueUtils - Retrieved ProfileValueSource type [class org.springframework.test.annotation.SystemProfileValueSource] for class [com.ceiba.controlador.ControladorHistorialAlmacenamientoTest]
08:30:30.880 [Test worker] DEBUG org.springframework.test.context.support.AbstractDirtiesContextTestExecutionListener - Before test class: context [DefaultTestContext@3b0bfa07 testClass = ControladorHistorialAlmacenamientoTest, testInstance = [null], testMethod = [null], testException = [null], mergedContextConfiguration = [WebMergedContextConfiguration@5a194cb7 testClass = ControladorHistorialAlmacenamientoTest, locations = '{}', classes = '{class com.ceiba.Application}', contextInitializerClasses = '[]', activeProfiles = '{}', propertySourceLocations = '{}', propertySourceProperties = '{org.springframework.boot.test.context.SpringBootTestContextBootstrapper=true}', contextCustomizers = set[org.springframework.boot.test.autoconfigure.properties.PropertyMappingContextCustomizer@e7e8512, org.springframework.boot.test.autoconfigure.web.servlet.WebDriverContextCustomizerFactory$Customizer@4409737a, [ImportsContextCustomizer@62e27c57 key = [org.springframework.boot.test.autoconfigure.web.servlet.MockMvcAutoConfiguration, org.springframework.boot.test.autoconfigure.web.servlet.MockMvcSecurityAutoConfiguration, org.springframework.boot.test.autoconfigure.web.servlet.MockMvcWebClientAutoConfiguration, org.springframework.boot.test.autoconfigure.web.servlet.MockMvcWebDriverAutoConfiguration]], org.springframework.boot.test.context.filter.ExcludeFilterContextCustomizer@39326eb8, org.springframework.boot.test.json.DuplicateJsonObjectContextCustomizerFactory$DuplicateJsonObjectContextCustomizer@7cfb4302, org.springframework.boot.test.mock.mockito.MockitoContextCustomizer@0, org.springframework.boot.test.web.client.TestRestTemplateContextCustomizer@4738f5ca], resourceBasePath = 'src/main/webapp', contextLoader = 'org.springframework.boot.test.context.SpringBootContextLoader', parent = [null]], attributes = map['org.springframework.test.context.web.ServletTestExecutionListener.activateListener' -> true]], class annotated with @DirtiesContext [false] with mode [null].
08:30:30.882 [Test worker] DEBUG org.springframework.test.annotation.ProfileValueUtils - Retrieved @ProfileValueSourceConfiguration [null] for test class [com.ceiba.controlador.ControladorHistorialAlmacenamientoTest]
08:30:30.883 [Test worker] DEBUG org.springframework.test.annotation.ProfileValueUtils - Retrieved ProfileValueSource type [class org.springframework.test.annotation.SystemProfileValueSource] for class [com.ceiba.controlador.ControladorHistorialAlmacenamientoTest]
08:30:30.948 [Test worker] DEBUG org.springframework.test.context.support.TestPropertySourceUtils - Adding inlined properties to environment: {spring.jmx.enabled=false, org.springframework.boot.test.context.SpringBootTestContextBootstrapper=true, server.port=-1}

  .   ____          _            __ _ _
 /\\ / ___'_ __ _ _(_)_ __  __ _ \ \ \ \
( ( )\___ | '_ | '_| | '_ \/ _` | \ \ \ \
 \\/  ___)| |_)| | | | | || (_| |  ) ) ) )
  '  |____| .__|_| |_|_| |_\__, | / / / /
 =========|_|==============|___/=/_/_/_/
 :: Spring Boot ::        (v2.1.3.RELEASE)

2019-12-17 08:30:31.857  INFO 22012 --- [    Test worker] c.ControladorHistorialAlmacenamientoTest : Starting ControladorHistorialAlmacenamientoTest on ANDRES-OROZCO with PID 22012 (started by andres.orozco in C:\Users\andres.orozco\Desktop\Bodega_AdnCeiba\BODEGA_ADN_CEIBA\infraestructura)
2019-12-17 08:30:31.866  INFO 22012 --- [    Test worker] c.ControladorHistorialAlmacenamientoTest : No active profile set, falling back to default profiles: default
2019-12-17 08:30:33.856  INFO 22012 --- [    Test worker] .s.d.r.c.RepositoryConfigurationDelegate : Bootstrapping Spring Data repositories in DEFAULT mode.
2019-12-17 08:30:34.071  INFO 22012 --- [    Test worker] .s.d.r.c.RepositoryConfigurationDelegate : Finished Spring Data repository scanning in 193ms. Found 3 repository interfaces.
2019-12-17 08:30:35.193  INFO 22012 --- [    Test worker] trationDelegate$BeanPostProcessorChecker : Bean 'org.springframework.transaction.annotation.ProxyTransactionManagementConfiguration' of type [org.springframework.transaction.annotation.ProxyTransactionManagementConfiguration$$EnhancerBySpringCGLIB$$82491cc5] is not eligible for getting processed by all BeanPostProcessors (for example: not eligible for auto-proxying)
2019-12-17 08:30:35.721  INFO 22012 --- [    Test worker] com.zaxxer.hikari.HikariDataSource       : HikariPool-1 - Starting...
2019-12-17 08:30:36.321  INFO 22012 --- [    Test worker] com.zaxxer.hikari.HikariDataSource       : HikariPool-1 - Start completed.
2019-12-17 08:30:36.517  INFO 22012 --- [    Test worker] o.hibernate.jpa.internal.util.LogHelper  : HHH000204: Processing PersistenceUnitInfo [
	name: default
	...]
2019-12-17 08:30:36.762  INFO 22012 --- [    Test worker] org.hibernate.Version                    : HHH000412: Hibernate Core {5.3.7.Final}
2019-12-17 08:30:36.767  INFO 22012 --- [    Test worker] org.hibernate.cfg.Environment            : HHH000206: hibernate.properties not found
2019-12-17 08:30:37.201  INFO 22012 --- [    Test worker] o.hibernate.annotations.common.Version   : HCANN000001: Hibernate Commons Annotations {5.0.4.Final}
2019-12-17 08:30:37.639  INFO 22012 --- [    Test worker] org.hibernate.dialect.Dialect            : HHH000400: Using dialect: org.hibernate.dialect.H2Dialect
Hibernate: drop table bodega if exists
Hibernate: drop table contenedor if exists
Hibernate: drop table historial_almacenamiento if exists
Hibernate: create table bodega (codigo varchar(255) not null, direccion varchar(255), nombre varchar(255), telefono varchar(255), tipo_contenedores varchar(255), primary key (codigo))
Hibernate: create table contenedor (codigo varchar(255) not null, color varchar(255), mercancia varchar(255), perecedero boolean not null, peso varchar(255), primary key (codigo))
Hibernate: create table historial_almacenamiento (id bigint generated by default as identity, fecha_ingreso timestamp, fecha_salida timestamp, pago float not null, bodega_id varchar(255), contenedor_id varchar(255), primary key (id))
Hibernate: alter table historial_almacenamiento add constraint FK9v228ur6s4q96nxhko25b06tm foreign key (bodega_id) references bodega
Hibernate: alter table historial_almacenamiento add constraint FK3icyaddjkd6l7s4r8moloo61j foreign key (contenedor_id) references contenedor
2019-12-17 08:30:39.407  INFO 22012 --- [    Test worker] o.h.t.schema.internal.SchemaCreatorImpl  : HHH000476: Executing import script 'org.hibernate.tool.schema.internal.exec.ScriptSourceInputNonExistentImpl@1deacb23'
2019-12-17 08:30:39.413  INFO 22012 --- [    Test worker] j.LocalContainerEntityManagerFactoryBean : Initialized JPA EntityManagerFactory for persistence unit 'default'
2019-12-17 08:30:41.468  INFO 22012 --- [    Test worker] o.s.s.concurrent.ThreadPoolTaskExecutor  : Initializing ExecutorService 'applicationTaskExecutor'
2019-12-17 08:30:41.599  WARN 22012 --- [    Test worker] aWebConfiguration$JpaWebMvcConfiguration : spring.jpa.open-in-view is enabled by default. Therefore, database queries may be performed during view rendering. Explicitly configure spring.jpa.open-in-view to disable this warning
2019-12-17 08:30:42.167  INFO 22012 --- [    Test worker] o.s.s.c.ThreadPoolTaskScheduler          : Initializing ExecutorService 'taskScheduler'
2019-12-17 08:30:42.304  INFO 22012 --- [    Test worker] o.s.b.t.m.w.SpringBootMockServletContext : Initializing Spring TestDispatcherServlet ''
2019-12-17 08:30:42.305  INFO 22012 --- [    Test worker] o.s.t.web.servlet.TestDispatcherServlet  : Initializing Servlet ''
2019-12-17 08:30:42.331  INFO 22012 --- [    Test worker] o.s.t.web.servlet.TestDispatcherServlet  : Completed initialization in 26 ms
2019-12-17 08:30:42.397  INFO 22012 --- [    Test worker] c.ControladorHistorialAlmacenamientoTest : Started ControladorHistorialAlmacenamientoTest in 11.414 seconds (JVM running for 16.633)
2019-12-17 08:30:42.470  INFO 22012 --- [   scheduling-1] o.h.h.i.QueryTranslatorFactoryInitiator  : HHH000397: Using ASTQueryTranslatorFactory
Hibernate: select entityhist0_.id as id1_2_, entityhist0_.bodega_id as bodega_i5_2_, entityhist0_.contenedor_id as contened6_2_, entityhist0_.fecha_ingreso as fecha_in2_2_, entityhist0_.fecha_salida as fecha_sa3_2_, entityhist0_.pago as pago4_2_ from historial_almacenamiento entityhist0_
Hibernate: select entityhist0_.id as id1_2_, entityhist0_.bodega_id as bodega_i5_2_, entityhist0_.contenedor_id as contened6_2_, entityhist0_.fecha_ingreso as fecha_in2_2_, entityhist0_.fecha_salida as fecha_sa3_2_, entityhist0_.pago as pago4_2_ from historial_almacenamiento entityhist0_ left outer join contenedor entitycont1_ on entityhist0_.contenedor_id=entitycont1_.codigo where entitycont1_.codigo=?
Hibernate: select entityhist0_.id as id1_2_, entityhist0_.bodega_id as bodega_i5_2_, entityhist0_.contenedor_id as contened6_2_, entityhist0_.fecha_ingreso as fecha_in2_2_, entityhist0_.fecha_salida as fecha_sa3_2_, entityhist0_.pago as pago4_2_ from historial_almacenamiento entityhist0_ left outer join contenedor entitycont1_ on entityhist0_.contenedor_id=entitycont1_.codigo where entitycont1_.perecedero=?
Hibernate: select entitybode0_.codigo as codigo1_0_0_, entitybode0_.direccion as direccio2_0_0_, entitybode0_.nombre as nombre3_0_0_, entitybode0_.telefono as telefono4_0_0_, entitybode0_.tipo_contenedores as tipo_con5_0_0_ from bodega entitybode0_ where entitybode0_.codigo=?
Hibernate: insert into bodega (direccion, nombre, telefono, tipo_contenedores, codigo) values (?, ?, ?, ?, ?)
Hibernate: select entitycont0_.codigo as codigo1_1_0_, entitycont0_.color as color2_1_0_, entitycont0_.mercancia as mercanci3_1_0_, entitycont0_.perecedero as perecede4_1_0_, entitycont0_.peso as peso5_1_0_ from contenedor entitycont0_ where entitycont0_.codigo=?
Hibernate: insert into contenedor (color, mercancia, perecedero, peso, codigo) values (?, ?, ?, ?, ?)
Hibernate: select entitybode_.codigo, entitybode_.direccion as direccio2_0_, entitybode_.nombre as nombre3_0_, entitybode_.telefono as telefono4_0_, entitybode_.tipo_contenedores as tipo_con5_0_ from bodega entitybode_ where entitybode_.codigo=?
Hibernate: select entitycont_.codigo, entitycont_.color as color2_1_, entitycont_.mercancia as mercanci3_1_, entitycont_.perecedero as perecede4_1_, entitycont_.peso as peso5_1_ from contenedor entitycont_ where entitycont_.codigo=?
Hibernate: insert into historial_almacenamiento (id, bodega_id, contenedor_id, fecha_ingreso, fecha_salida, pago) values (null, ?, ?, ?, ?, ?)
Hibernate: select entityhist0_.id as id1_2_, entityhist0_.bodega_id as bodega_i5_2_, entityhist0_.contenedor_id as contened6_2_, entityhist0_.fecha_ingreso as fecha_in2_2_, entityhist0_.fecha_salida as fecha_sa3_2_, entityhist0_.pago as pago4_2_ from historial_almacenamiento entityhist0_ left outer join contenedor entitycont1_ on entityhist0_.contenedor_id=entitycont1_.codigo where entitycont1_.codigo=?
Hibernate: select entitybode0_.codigo as codigo1_0_0_, entitybode0_.direccion as direccio2_0_0_, entitybode0_.nombre as nombre3_0_0_, entitybode0_.telefono as telefono4_0_0_, entitybode0_.tipo_contenedores as tipo_con5_0_0_ from bodega entitybode0_ where entitybode0_.codigo=?
Hibernate: select entitycont0_.codigo as codigo1_1_0_, entitycont0_.color as color2_1_0_, entitycont0_.mercancia as mercanci3_1_0_, entitycont0_.perecedero as perecede4_1_0_, entitycont0_.peso as peso5_1_0_ from contenedor entitycont0_ where entitycont0_.codigo=?

MockHttpServletRequest:
      HTTP Method = GET
      Request URI = /api/bodega/obtenerContenedor/PR0909
       Parameters = {}
          Headers = [Content-Type:"application/json;charset=UTF-8"]
             Body = null
    Session Attrs = {}

Handler:
             Type = com.ceiba.controlador.ControladorHistorialAlmacenamiento
           Method = public com.ceiba.modelo.HistorialAlmacenamiento com.ceiba.controlador.ControladorHistorialAlmacenamiento.consultarHistorialAlmacenamiento(java.lang.String)

Async:
    Async started = false
     Async result = null

Resolved Exception:
             Type = null

ModelAndView:
        View name = null
             View = null
            Model = null

FlashMap:
       Attributes = null

MockHttpServletResponse:
           Status = 200
    Error message = null
          Headers = [Content-Type:"application/json;charset=UTF-8"]
     Content type = application/json;charset=UTF-8
             Body = {"fechaIngreso":"2019-12-17T08:30:42.980513","fechaSalida":null,"contenedor":{"codigo":"PR0909","mercancia":"Pescado","perecedero":true,"color":"blanco","peso":"9T"},"bodegaAlmacenaje":{"codigo":"BD001","nombre":"Ceiba Software S.A.S Pere","direccion":"Cra 141 #54-64","telefono":"4333234","tipoContenedores":"Contenedores Perecederos"},"pago":0.0}
    Forwarded URL = null
   Redirected URL = null
          Cookies = []
Hibernate: select entityhist0_.id as id1_2_, entityhist0_.bodega_id as bodega_i5_2_, entityhist0_.contenedor_id as contened6_2_, entityhist0_.fecha_ingreso as fecha_in2_2_, entityhist0_.fecha_salida as fecha_sa3_2_, entityhist0_.pago as pago4_2_ from historial_almacenamiento entityhist0_ left outer join contenedor entitycont1_ on entityhist0_.contenedor_id=entitycont1_.codigo where entitycont1_.codigo=?
2019-12-17 08:30:43.310 ERROR 22012 --- [    Test worker] com.ceiba.error.ManejadorError           : NullPointerException

java.lang.NullPointerException: null
	at com.ceiba.comando.manejador.ManejadorSalidaContenedor.retirarAlmacenamientoContenedor(ManejadorSalidaContenedor.java:36) ~[aplicacion-0.0.1-SNAPSHOT.jar:na]
	at com.ceiba.controlador.ControladorHistorialAlmacenamiento.salidaContenedor(ControladorHistorialAlmacenamiento.java:60) ~[main/:na]
	at java.base/jdk.internal.reflect.NativeMethodAccessorImpl.invoke0(Native Method) ~[na:na]
	at java.base/jdk.internal.reflect.NativeMethodAccessorImpl.invoke(NativeMethodAccessorImpl.java:62) ~[na:na]
	at java.base/jdk.internal.reflect.DelegatingMethodAccessorImpl.invoke(DelegatingMethodAccessorImpl.java:43) ~[na:na]
	at java.base/java.lang.reflect.Method.invoke(Method.java:566) ~[na:na]
	at org.springframework.web.method.support.InvocableHandlerMethod.doInvoke(InvocableHandlerMethod.java:189) ~[spring-web-5.1.5.RELEASE.jar:5.1.5.RELEASE]
	at org.springframework.web.method.support.InvocableHandlerMethod.invokeForRequest(InvocableHandlerMethod.java:138) ~[spring-web-5.1.5.RELEASE.jar:5.1.5.RELEASE]
	at org.springframework.web.servlet.mvc.method.annotation.ServletInvocableHandlerMethod.invokeAndHandle(ServletInvocableHandlerMethod.java:102) ~[spring-webmvc-5.1.5.RELEASE.jar:5.1.5.RELEASE]
	at org.springframework.web.servlet.mvc.method.annotation.RequestMappingHandlerAdapter.invokeHandlerMethod(RequestMappingHandlerAdapter.java:895) ~[spring-webmvc-5.1.5.RELEASE.jar:5.1.5.RELEASE]
	at org.springframework.web.servlet.mvc.method.annotation.RequestMappingHandlerAdapter.handleInternal(RequestMappingHandlerAdapter.java:800) ~[spring-webmvc-5.1.5.RELEASE.jar:5.1.5.RELEASE]
	at org.springframework.web.servlet.mvc.method.AbstractHandlerMethodAdapter.handle(AbstractHandlerMethodAdapter.java:87) ~[spring-webmvc-5.1.5.RELEASE.jar:5.1.5.RELEASE]
	at org.springframework.web.servlet.DispatcherServlet.doDispatch(DispatcherServlet.java:1038) ~[spring-webmvc-5.1.5.RELEASE.jar:5.1.5.RELEASE]
	at org.springframework.web.servlet.DispatcherServlet.doService(DispatcherServlet.java:942) ~[spring-webmvc-5.1.5.RELEASE.jar:5.1.5.RELEASE]
	at org.springframework.web.servlet.FrameworkServlet.processRequest(FrameworkServlet.java:1005) ~[spring-webmvc-5.1.5.RELEASE.jar:5.1.5.RELEASE]
	at org.springframework.web.servlet.FrameworkServlet.doPut(FrameworkServlet.java:919) ~[spring-webmvc-5.1.5.RELEASE.jar:5.1.5.RELEASE]
	at javax.servlet.http.HttpServlet.service(HttpServlet.java:663) ~[tomcat-embed-core-9.0.16.jar:9.0.16]
	at org.springframework.web.servlet.FrameworkServlet.service(FrameworkServlet.java:882) ~[spring-webmvc-5.1.5.RELEASE.jar:5.1.5.RELEASE]
	at org.springframework.test.web.servlet.TestDispatcherServlet.service(TestDispatcherServlet.java:71) ~[spring-test-5.1.5.RELEASE.jar:5.1.5.RELEASE]
	at javax.servlet.http.HttpServlet.service(HttpServlet.java:741) ~[tomcat-embed-core-9.0.16.jar:9.0.16]
	at org.springframework.mock.web.MockFilterChain$ServletFilterProxy.doFilter(MockFilterChain.java:166) ~[spring-test-5.1.5.RELEASE.jar:5.1.5.RELEASE]
	at org.springframework.mock.web.MockFilterChain.doFilter(MockFilterChain.java:133) ~[spring-test-5.1.5.RELEASE.jar:5.1.5.RELEASE]
	at org.springframework.web.filter.RequestContextFilter.doFilterInternal(RequestContextFilter.java:99) ~[spring-web-5.1.5.RELEASE.jar:5.1.5.RELEASE]
	at org.springframework.web.filter.OncePerRequestFilter.doFilter(OncePerRequestFilter.java:107) ~[spring-web-5.1.5.RELEASE.jar:5.1.5.RELEASE]
	at org.springframework.mock.web.MockFilterChain.doFilter(MockFilterChain.java:133) ~[spring-test-5.1.5.RELEASE.jar:5.1.5.RELEASE]
	at org.springframework.web.filter.FormContentFilter.doFilterInternal(FormContentFilter.java:92) ~[spring-web-5.1.5.RELEASE.jar:5.1.5.RELEASE]
	at org.springframework.web.filter.OncePerRequestFilter.doFilter(OncePerRequestFilter.java:107) ~[spring-web-5.1.5.RELEASE.jar:5.1.5.RELEASE]
	at org.springframework.mock.web.MockFilterChain.doFilter(MockFilterChain.java:133) ~[spring-test-5.1.5.RELEASE.jar:5.1.5.RELEASE]
	at org.springframework.web.filter.HiddenHttpMethodFilter.doFilterInternal(HiddenHttpMethodFilter.java:93) ~[spring-web-5.1.5.RELEASE.jar:5.1.5.RELEASE]
	at org.springframework.web.filter.OncePerRequestFilter.doFilter(OncePerRequestFilter.java:107) ~[spring-web-5.1.5.RELEASE.jar:5.1.5.RELEASE]
	at org.springframework.mock.web.MockFilterChain.doFilter(MockFilterChain.java:133) ~[spring-test-5.1.5.RELEASE.jar:5.1.5.RELEASE]
	at org.springframework.web.filter.CharacterEncodingFilter.doFilterInternal(CharacterEncodingFilter.java:200) ~[spring-web-5.1.5.RELEASE.jar:5.1.5.RELEASE]
	at org.springframework.web.filter.OncePerRequestFilter.doFilter(OncePerRequestFilter.java:107) ~[spring-web-5.1.5.RELEASE.jar:5.1.5.RELEASE]
	at org.springframework.mock.web.MockFilterChain.doFilter(MockFilterChain.java:133) ~[spring-test-5.1.5.RELEASE.jar:5.1.5.RELEASE]
	at org.springframework.test.web.servlet.MockMvc.perform(MockMvc.java:182) ~[spring-test-5.1.5.RELEASE.jar:5.1.5.RELEASE]
	at com.ceiba.controlador.ControladorHistorialAlmacenamientoTest.validarManejadorDeErrorInternal(ControladorHistorialAlmacenamientoTest.java:112) ~[test/:na]
	at java.base/jdk.internal.reflect.NativeMethodAccessorImpl.invoke0(Native Method) ~[na:na]
	at java.base/jdk.internal.reflect.NativeMethodAccessorImpl.invoke(NativeMethodAccessorImpl.java:62) ~[na:na]
	at java.base/jdk.internal.reflect.DelegatingMethodAccessorImpl.invoke(DelegatingMethodAccessorImpl.java:43) ~[na:na]
	at java.base/java.lang.reflect.Method.invoke(Method.java:566) ~[na:na]
	at org.junit.runners.model.FrameworkMethod$1.runReflectiveCall(FrameworkMethod.java:50) ~[junit-4.12.jar:4.12]
	at org.junit.internal.runners.model.ReflectiveCallable.run(ReflectiveCallable.java:12) ~[junit-4.12.jar:4.12]
	at org.junit.runners.model.FrameworkMethod.invokeExplosively(FrameworkMethod.java:47) ~[junit-4.12.jar:4.12]
	at org.junit.internal.runners.statements.InvokeMethod.evaluate(InvokeMethod.java:17) ~[junit-4.12.jar:4.12]
	at org.springframework.test.context.junit4.statements.RunBeforeTestExecutionCallbacks.evaluate(RunBeforeTestExecutionCallbacks.java:74) ~[spring-test-5.1.5.RELEASE.jar:5.1.5.RELEASE]
	at org.springframework.test.context.junit4.statements.RunAfterTestExecutionCallbacks.evaluate(RunAfterTestExecutionCallbacks.java:84) ~[spring-test-5.1.5.RELEASE.jar:5.1.5.RELEASE]
	at org.springframework.test.context.junit4.statements.RunBeforeTestMethodCallbacks.evaluate(RunBeforeTestMethodCallbacks.java:75) ~[spring-test-5.1.5.RELEASE.jar:5.1.5.RELEASE]
	at org.springframework.test.context.junit4.statements.RunAfterTestMethodCallbacks.evaluate(RunAfterTestMethodCallbacks.java:86) ~[spring-test-5.1.5.RELEASE.jar:5.1.5.RELEASE]
	at org.springframework.test.context.junit4.statements.SpringRepeat.evaluate(SpringRepeat.java:84) ~[spring-test-5.1.5.RELEASE.jar:5.1.5.RELEASE]
	at org.junit.runners.ParentRunner.runLeaf(ParentRunner.java:325) ~[junit-4.12.jar:4.12]
	at org.springframework.test.context.junit4.SpringJUnit4ClassRunner.runChild(SpringJUnit4ClassRunner.java:251) ~[spring-test-5.1.5.RELEASE.jar:5.1.5.RELEASE]
	at org.springframework.test.context.junit4.SpringJUnit4ClassRunner.runChild(SpringJUnit4ClassRunner.java:97) ~[spring-test-5.1.5.RELEASE.jar:5.1.5.RELEASE]
	at org.junit.runners.ParentRunner$3.run(ParentRunner.java:290) ~[junit-4.12.jar:4.12]
	at org.junit.runners.ParentRunner$1.schedule(ParentRunner.java:71) ~[junit-4.12.jar:4.12]
	at org.junit.runners.ParentRunner.runChildren(ParentRunner.java:288) ~[junit-4.12.jar:4.12]
	at org.junit.runners.ParentRunner.access$000(ParentRunner.java:58) ~[junit-4.12.jar:4.12]
	at org.junit.runners.ParentRunner$2.evaluate(ParentRunner.java:268) ~[junit-4.12.jar:4.12]
	at org.springframework.test.context.junit4.statements.RunBeforeTestClassCallbacks.evaluate(RunBeforeTestClassCallbacks.java:61) ~[spring-test-5.1.5.RELEASE.jar:5.1.5.RELEASE]
	at org.springframework.test.context.junit4.statements.RunAfterTestClassCallbacks.evaluate(RunAfterTestClassCallbacks.java:70) ~[spring-test-5.1.5.RELEASE.jar:5.1.5.RELEASE]
	at org.junit.runners.ParentRunner.run(ParentRunner.java:363) ~[junit-4.12.jar:4.12]
	at org.springframework.test.context.junit4.SpringJUnit4ClassRunner.run(SpringJUnit4ClassRunner.java:190) ~[spring-test-5.1.5.RELEASE.jar:5.1.5.RELEASE]
	at org.gradle.api.internal.tasks.testing.junit.JUnitTestClassExecutor.runTestClass(JUnitTestClassExecutor.java:110) ~[na:na]
	at org.gradle.api.internal.tasks.testing.junit.JUnitTestClassExecutor.execute(JUnitTestClassExecutor.java:58) ~[na:na]
	at org.gradle.api.internal.tasks.testing.junit.JUnitTestClassExecutor.execute(JUnitTestClassExecutor.java:38) ~[na:na]
	at org.gradle.api.internal.tasks.testing.junit.AbstractJUnitTestClassProcessor.processTestClass(AbstractJUnitTestClassProcessor.java:62) ~[na:na]
	at org.gradle.api.internal.tasks.testing.SuiteTestClassProcessor.processTestClass(SuiteTestClassProcessor.java:51) ~[na:na]
	at java.base/jdk.internal.reflect.NativeMethodAccessorImpl.invoke0(Native Method) ~[na:na]
	at java.base/jdk.internal.reflect.NativeMethodAccessorImpl.invoke(NativeMethodAccessorImpl.java:62) ~[na:na]
	at java.base/jdk.internal.reflect.DelegatingMethodAccessorImpl.invoke(DelegatingMethodAccessorImpl.java:43) ~[na:na]
	at java.base/java.lang.reflect.Method.invoke(Method.java:566) ~[na:na]
	at org.gradle.internal.dispatch.ReflectionDispatch.dispatch(ReflectionDispatch.java:36) ~[na:na]
	at org.gradle.internal.dispatch.ReflectionDispatch.dispatch(ReflectionDispatch.java:24) ~[na:na]
	at org.gradle.internal.dispatch.ContextClassLoaderDispatch.dispatch(ContextClassLoaderDispatch.java:33) ~[na:na]
	at org.gradle.internal.dispatch.ProxyDispatchAdapter$DispatchingInvocationHandler.invoke(ProxyDispatchAdapter.java:94) ~[na:na]
	at com.sun.proxy.$Proxy5.processTestClass(Unknown Source) ~[na:na]
	at org.gradle.api.internal.tasks.testing.worker.TestWorker.processTestClass(TestWorker.java:118) ~[na:na]
	at java.base/jdk.internal.reflect.NativeMethodAccessorImpl.invoke0(Native Method) ~[na:na]
	at java.base/jdk.internal.reflect.NativeMethodAccessorImpl.invoke(NativeMethodAccessorImpl.java:62) ~[na:na]
	at java.base/jdk.internal.reflect.DelegatingMethodAccessorImpl.invoke(DelegatingMethodAccessorImpl.java:43) ~[na:na]
	at java.base/java.lang.reflect.Method.invoke(Method.java:566) ~[na:na]
	at org.gradle.internal.dispatch.ReflectionDispatch.dispatch(ReflectionDispatch.java:36) ~[na:na]
	at org.gradle.internal.dispatch.ReflectionDispatch.dispatch(ReflectionDispatch.java:24) ~[na:na]
	at org.gradle.internal.remote.internal.hub.MessageHubBackedObjectConnection$DispatchWrapper.dispatch(MessageHubBackedObjectConnection.java:182) ~[na:na]
	at org.gradle.internal.remote.internal.hub.MessageHubBackedObjectConnection$DispatchWrapper.dispatch(MessageHubBackedObjectConnection.java:164) ~[na:na]
	at org.gradle.internal.remote.internal.hub.MessageHub$Handler.run(MessageHub.java:412) ~[na:na]
	at org.gradle.internal.concurrent.ExecutorPolicy$CatchAndRecordFailures.onExecute(ExecutorPolicy.java:64) ~[na:na]
	at org.gradle.internal.concurrent.ManagedExecutorImpl$1.run(ManagedExecutorImpl.java:48) ~[na:na]
	at java.base/java.util.concurrent.ThreadPoolExecutor.runWorker(ThreadPoolExecutor.java:1128) ~[na:na]
	at java.base/java.util.concurrent.ThreadPoolExecutor$Worker.run(ThreadPoolExecutor.java:628) ~[na:na]
	at org.gradle.internal.concurrent.ThreadFactoryImpl$ManagedThreadRunnable.run(ThreadFactoryImpl.java:56) ~[na:na]
	at java.base/java.lang.Thread.run(Thread.java:834) ~[na:na]

Hibernate: select entityhist0_.id as id1_2_, entityhist0_.bodega_id as bodega_i5_2_, entityhist0_.contenedor_id as contened6_2_, entityhist0_.fecha_ingreso as fecha_in2_2_, entityhist0_.fecha_salida as fecha_sa3_2_, entityhist0_.pago as pago4_2_ from historial_almacenamiento entityhist0_ left outer join contenedor entitycont1_ on entityhist0_.contenedor_id=entitycont1_.codigo where entitycont1_.codigo=?
Hibernate: select entityhist0_.id as id1_2_, entityhist0_.bodega_id as bodega_i5_2_, entityhist0_.contenedor_id as contened6_2_, entityhist0_.fecha_ingreso as fecha_in2_2_, entityhist0_.fecha_salida as fecha_sa3_2_, entityhist0_.pago as pago4_2_ from historial_almacenamiento entityhist0_ left outer join contenedor entitycont1_ on entityhist0_.contenedor_id=entitycont1_.codigo where entitycont1_.perecedero=?
Hibernate: select entitybode0_.codigo as codigo1_0_0_, entitybode0_.direccion as direccio2_0_0_, entitybode0_.nombre as nombre3_0_0_, entitybode0_.telefono as telefono4_0_0_, entitybode0_.tipo_contenedores as tipo_con5_0_0_ from bodega entitybode0_ where entitybode0_.codigo=?
Hibernate: select entitycont0_.codigo as codigo1_1_0_, entitycont0_.color as color2_1_0_, entitycont0_.mercancia as mercanci3_1_0_, entitycont0_.perecedero as perecede4_1_0_, entitycont0_.peso as peso5_1_0_ from contenedor entitycont0_ where entitycont0_.codigo=?
Hibernate: select entitycont0_.codigo as codigo1_1_0_, entitycont0_.color as color2_1_0_, entitycont0_.mercancia as mercanci3_1_0_, entitycont0_.perecedero as perecede4_1_0_, entitycont0_.peso as peso5_1_0_ from contenedor entitycont0_ where entitycont0_.codigo=?
Hibernate: insert into contenedor (color, mercancia, perecedero, peso, codigo) values (?, ?, ?, ?, ?)
Hibernate: select entitybode_.codigo, entitybode_.direccion as direccio2_0_, entitybode_.nombre as nombre3_0_, entitybode_.telefono as telefono4_0_, entitybode_.tipo_contenedores as tipo_con5_0_ from bodega entitybode_ where entitybode_.codigo=?
Hibernate: select entitycont_.codigo, entitycont_.color as color2_1_, entitycont_.mercancia as mercanci3_1_, entitycont_.perecedero as perecede4_1_, entitycont_.peso as peso5_1_ from contenedor entitycont_ where entitycont_.codigo=?
Hibernate: insert into historial_almacenamiento (id, bodega_id, contenedor_id, fecha_ingreso, fecha_salida, pago) values (null, ?, ?, ?, ?, ?)
Hibernate: select entityhist0_.id as id1_2_, entityhist0_.bodega_id as bodega_i5_2_, entityhist0_.contenedor_id as contened6_2_, entityhist0_.fecha_ingreso as fecha_in2_2_, entityhist0_.fecha_salida as fecha_sa3_2_, entityhist0_.pago as pago4_2_ from historial_almacenamiento entityhist0_
Hibernate: select entitybode0_.codigo as codigo1_0_0_, entitybode0_.direccion as direccio2_0_0_, entitybode0_.nombre as nombre3_0_0_, entitybode0_.telefono as telefono4_0_0_, entitybode0_.tipo_contenedores as tipo_con5_0_0_ from bodega entitybode0_ where entitybode0_.codigo=?
Hibernate: select entitycont0_.codigo as codigo1_1_0_, entitycont0_.color as color2_1_0_, entitycont0_.mercancia as mercanci3_1_0_, entitycont0_.perecedero as perecede4_1_0_, entitycont0_.peso as peso5_1_0_ from contenedor entitycont0_ where entitycont0_.codigo=?
Hibernate: select entitycont0_.codigo as codigo1_1_0_, entitycont0_.color as color2_1_0_, entitycont0_.mercancia as mercanci3_1_0_, entitycont0_.perecedero as perecede4_1_0_, entitycont0_.peso as peso5_1_0_ from contenedor entitycont0_ where entitycont0_.codigo=?
Hibernate: select entityhist0_.id as id1_2_, entityhist0_.bodega_id as bodega_i5_2_, entityhist0_.contenedor_id as contened6_2_, entityhist0_.fecha_ingreso as fecha_in2_2_, entityhist0_.fecha_salida as fecha_sa3_2_, entityhist0_.pago as pago4_2_ from historial_almacenamiento entityhist0_
Hibernate: select entitybode0_.codigo as codigo1_0_0_, entitybode0_.direccion as direccio2_0_0_, entitybode0_.nombre as nombre3_0_0_, entitybode0_.telefono as telefono4_0_0_, entitybode0_.tipo_contenedores as tipo_con5_0_0_ from bodega entitybode0_ where entitybode0_.codigo=?

MockHttpServletRequest:
      HTTP Method = GET
      Request URI = /api/bodega/obtenerContenedores
       Parameters = {}
          Headers = [Accept:"application/json"]
             Body = null
    Session Attrs = {}

Handler:
             Type = com.ceiba.controlador.ControladorHistorialAlmacenamiento
           Method = public java.util.List<com.ceiba.modelo.HistorialAlmacenamiento> com.ceiba.controlador.ControladorHistorialAlmacenamiento.consultarContenedoresAlmacenados()

Async:
    Async started = false
     Async result = null

Resolved Exception:
             Type = null

ModelAndView:
        View name = null
             View = null
            Model = null

FlashMap:
       Attributes = null

MockHttpServletResponse:
           Status = 200
    Error message = null
          Headers = [Content-Type:"application/json;charset=UTF-8"]
     Content type = application/json;charset=UTF-8
             Body = [{"fechaIngreso":"2019-12-17T08:30:42.980513","fechaSalida":null,"contenedor":{"codigo":"PR0909","mercancia":"Pescado","perecedero":true,"color":"blanco","peso":"9T"},"bodegaAlmacenaje":{"codigo":"BD001","nombre":"Ceiba Software S.A.S Pere","direccion":"Cra 141 #54-64","telefono":"4333234","tipoContenedores":"Contenedores Perecederos"},"pago":0.0},{"fechaIngreso":"2019-12-17T08:30:43.333516","fechaSalida":null,"contenedor":{"codigo":"TR0978","mercancia":"Peras","perecedero":true,"color":"blanco","peso":"20t"},"bodegaAlmacenaje":{"codigo":"BD001","nombre":"Ceiba Software S.A.S Pere","direccion":"Cra 141 #54-64","telefono":"4333234","tipoContenedores":"Contenedores Perecederos"},"pago":0.0}]
    Forwarded URL = null
   Redirected URL = null
          Cookies = []
Hibernate: select entitycont0_.codigo as codigo1_1_0_, entitycont0_.color as color2_1_0_, entitycont0_.mercancia as mercanci3_1_0_, entitycont0_.perecedero as perecede4_1_0_, entitycont0_.peso as peso5_1_0_ from contenedor entitycont0_ where entitycont0_.codigo=?
Hibernate: select entitycont0_.codigo as codigo1_1_0_, entitycont0_.color as color2_1_0_, entitycont0_.mercancia as mercanci3_1_0_, entitycont0_.perecedero as perecede4_1_0_, entitycont0_.peso as peso5_1_0_ from contenedor entitycont0_ where entitycont0_.codigo=?
Hibernate: select entityhist0_.id as id1_2_, entityhist0_.bodega_id as bodega_i5_2_, entityhist0_.contenedor_id as contened6_2_, entityhist0_.fecha_ingreso as fecha_in2_2_, entityhist0_.fecha_salida as fecha_sa3_2_, entityhist0_.pago as pago4_2_ from historial_almacenamiento entityhist0_ left outer join contenedor entitycont1_ on entityhist0_.contenedor_id=entitycont1_.codigo where entitycont1_.codigo=?
Hibernate: select entityhist0_.id as id1_2_, entityhist0_.bodega_id as bodega_i5_2_, entityhist0_.contenedor_id as contened6_2_, entityhist0_.fecha_ingreso as fecha_in2_2_, entityhist0_.fecha_salida as fecha_sa3_2_, entityhist0_.pago as pago4_2_ from historial_almacenamiento entityhist0_ left outer join contenedor entitycont1_ on entityhist0_.contenedor_id=entitycont1_.codigo where entitycont1_.perecedero=?
Hibernate: select entitybode0_.codigo as codigo1_0_0_, entitybode0_.direccion as direccio2_0_0_, entitybode0_.nombre as nombre3_0_0_, entitybode0_.telefono as telefono4_0_0_, entitybode0_.tipo_contenedores as tipo_con5_0_0_ from bodega entitybode0_ where entitybode0_.codigo=?
Hibernate: select entitycont0_.codigo as codigo1_1_0_, entitycont0_.color as color2_1_0_, entitycont0_.mercancia as mercanci3_1_0_, entitycont0_.perecedero as perecede4_1_0_, entitycont0_.peso as peso5_1_0_ from contenedor entitycont0_ where entitycont0_.codigo=?
Hibernate: select entitycont0_.codigo as codigo1_1_0_, entitycont0_.color as color2_1_0_, entitycont0_.mercancia as mercanci3_1_0_, entitycont0_.perecedero as perecede4_1_0_, entitycont0_.peso as peso5_1_0_ from contenedor entitycont0_ where entitycont0_.codigo=?
Hibernate: select entitycont0_.codigo as codigo1_1_0_, entitycont0_.color as color2_1_0_, entitycont0_.mercancia as mercanci3_1_0_, entitycont0_.perecedero as perecede4_1_0_, entitycont0_.peso as peso5_1_0_ from contenedor entitycont0_ where entitycont0_.codigo=?
Hibernate: insert into contenedor (color, mercancia, perecedero, peso, codigo) values (?, ?, ?, ?, ?)
Hibernate: select entitybode_.codigo, entitybode_.direccion as direccio2_0_, entitybode_.nombre as nombre3_0_, entitybode_.telefono as telefono4_0_, entitybode_.tipo_contenedores as tipo_con5_0_ from bodega entitybode_ where entitybode_.codigo=?
Hibernate: select entitycont_.codigo, entitycont_.color as color2_1_, entitycont_.mercancia as mercanci3_1_, entitycont_.perecedero as perecede4_1_, entitycont_.peso as peso5_1_ from contenedor entitycont_ where entitycont_.codigo=?
Hibernate: insert into historial_almacenamiento (id, bodega_id, contenedor_id, fecha_ingreso, fecha_salida, pago) values (null, ?, ?, ?, ?, ?)
Hibernate: select entityhist0_.id as id1_2_, entityhist0_.bodega_id as bodega_i5_2_, entityhist0_.contenedor_id as contened6_2_, entityhist0_.fecha_ingreso as fecha_in2_2_, entityhist0_.fecha_salida as fecha_sa3_2_, entityhist0_.pago as pago4_2_ from historial_almacenamiento entityhist0_ left outer join contenedor entitycont1_ on entityhist0_.contenedor_id=entitycont1_.codigo where entitycont1_.codigo=?
Hibernate: select entitybode0_.codigo as codigo1_0_0_, entitybode0_.direccion as direccio2_0_0_, entitybode0_.nombre as nombre3_0_0_, entitybode0_.telefono as telefono4_0_0_, entitybode0_.tipo_contenedores as tipo_con5_0_0_ from bodega entitybode0_ where entitybode0_.codigo=?
Hibernate: select entitycont0_.codigo as codigo1_1_0_, entitycont0_.color as color2_1_0_, entitycont0_.mercancia as mercanci3_1_0_, entitycont0_.perecedero as perecede4_1_0_, entitycont0_.peso as peso5_1_0_ from contenedor entitycont0_ where entitycont0_.codigo=?
Hibernate: select entityhist0_.id as id1_2_, entityhist0_.bodega_id as bodega_i5_2_, entityhist0_.contenedor_id as contened6_2_, entityhist0_.fecha_ingreso as fecha_in2_2_, entityhist0_.fecha_salida as fecha_sa3_2_, entityhist0_.pago as pago4_2_ from historial_almacenamiento entityhist0_ left outer join contenedor entitycont1_ on entityhist0_.contenedor_id=entitycont1_.codigo where entitycont1_.codigo=?
Hibernate: select entityhist0_.id as id1_2_, entityhist0_.bodega_id as bodega_i5_2_, entityhist0_.contenedor_id as contened6_2_, entityhist0_.fecha_ingreso as fecha_in2_2_, entityhist0_.fecha_salida as fecha_sa3_2_, entityhist0_.pago as pago4_2_ from historial_almacenamiento entityhist0_ left outer join contenedor entitycont1_ on entityhist0_.contenedor_id=entitycont1_.codigo where entitycont1_.codigo=?
Hibernate: update historial_almacenamiento set bodega_id=?, contenedor_id=?, fecha_ingreso=?, fecha_salida=?, pago=? where id=?
]]></system-out>
  <system-err><![CDATA[]]></system-err>
</testsuite>
