<?xml version="1.0" encoding="UTF-8"?>
<testsuite name="com.ceiba.modelo.ContenedorTests" tests="5" skipped="0" failures="0" errors="0" timestamp="2020-01-29T15:53:38" hostname="ANDRES-OROZCO" time="0.018">
  <properties/>
  <testcase name="validarArgumentosLongitudCodigoModeloContenedor" classname="com.ceiba.modelo.ContenedorTests" time="0.013"/>
  <testcase name="validarArgumentosPesoVacioModeloContenedor" classname="com.ceiba.modelo.ContenedorTests" time="0.001"/>
  <testcase name="validarArgumentosMercanciaEsVaciaModeloContenedor" classname="com.ceiba.modelo.ContenedorTests" time="0.001"/>
  <testcase name="validarArgumentosColorVacioModeloContenedor" classname="com.ceiba.modelo.ContenedorTests" time="0.001"/>
  <testcase name="validarArgumentosCodigoVacioModeloContenedor" classname="com.ceiba.modelo.ContenedorTests" time="0.001"/>
  <system-out><![CDATA[]]></system-out>
  <system-err><![CDATA[]]></system-err>
</testsuite>
