<?xml version="1.0" encoding="UTF-8"?>
<testsuite name="com.ceiba.servicio.ServicioSalidaContenedorTest" tests="10" skipped="0" failures="0" errors="0" timestamp="2020-01-29T15:53:39" hostname="ANDRES-OROZCO" time="0.037">
  <properties/>
  <testcase name="calcularPagoDeUnDiaContenedorSinRestricciones" classname="com.ceiba.servicio.ServicioSalidaContenedorTest" time="0.011"/>
  <testcase name="calcularPagoDeUnDiaContenedorConRestricciones" classname="com.ceiba.servicio.ServicioSalidaContenedorTest" time="0.001"/>
  <testcase name="calcularPagoDiezHorasContenedorSinRestricciones" classname="com.ceiba.servicio.ServicioSalidaContenedorTest" time="0.001"/>
  <testcase name="validarFechaSalidaGenerada" classname="com.ceiba.servicio.ServicioSalidaContenedorTest" time="0.001"/>
  <testcase name="calcularPagoDeCincuentaSegundosContenedorSinRestricciones" classname="com.ceiba.servicio.ServicioSalidaContenedorTest" time="0.001"/>
  <testcase name="validarCambioBodegaContenedorPerecederoPasadaVeintiCuatroHoras" classname="com.ceiba.servicio.ServicioSalidaContenedorTest" time="0.015"/>
  <testcase name="calcularPagoDeUnDiaYDoceHorasContenedorConRestricciones" classname="com.ceiba.servicio.ServicioSalidaContenedorTest" time="0.001"/>
  <testcase name="calcularPagoDeDiezMinutosContenedorSinRestricciones" classname="com.ceiba.servicio.ServicioSalidaContenedorTest" time="0.0"/>
  <testcase name="calcularPagoSieteHorasContenedorSinRestricciones" classname="com.ceiba.servicio.ServicioSalidaContenedorTest" time="0.001"/>
  <testcase name="calcularPagoDeCincoHorasContenedorConRestricciones" classname="com.ceiba.servicio.ServicioSalidaContenedorTest" time="0.001"/>
  <system-out><![CDATA[]]></system-out>
  <system-err><![CDATA[]]></system-err>
</testsuite>
