<?xml version="1.0" encoding="UTF-8"?>
<testsuite name="com.ceiba.modelo.RetirarContenedorTest" tests="4" skipped="0" failures="0" errors="0" timestamp="2019-12-17T13:29:23" hostname="ANDRES-OROZCO" time="0.033">
  <properties/>
  <testcase name="validarArgumentoPagoVacioRespuestaSalida" classname="com.ceiba.modelo.RetirarContenedorTest" time="0.028"/>
  <testcase name="validarArgumentoFechaIngresoRespuestaSalida" classname="com.ceiba.modelo.RetirarContenedorTest" time="0.001"/>
  <testcase name="validarArgumentoCodigoVacioRespuestaSalida" classname="com.ceiba.modelo.RetirarContenedorTest" time="0.003"/>
  <testcase name="validarArgumentoFechaSalidaVaciaRespuestaSalida" classname="com.ceiba.modelo.RetirarContenedorTest" time="0.001"/>
  <system-out><![CDATA[]]></system-out>
  <system-err><![CDATA[]]></system-err>
</testsuite>
