<?xml version="1.0" encoding="UTF-8"?>
<testsuite name="com.ceiba.modelo.ContenedorTests" tests="5" skipped="0" failures="0" errors="0" timestamp="2019-12-17T13:29:23" hostname="ANDRES-OROZCO" time="0.021">
  <properties/>
  <testcase name="validarArgumentosLongitudCodigoModeloContenedor" classname="com.ceiba.modelo.ContenedorTests" time="0.011"/>
  <testcase name="validarArgumentosPesoVacioModeloContenedor" classname="com.ceiba.modelo.ContenedorTests" time="0.001"/>
  <testcase name="validarArgumentosMercanciaEsVaciaModeloContenedor" classname="com.ceiba.modelo.ContenedorTests" time="0.002"/>
  <testcase name="validarArgumentosColorVacioModeloContenedor" classname="com.ceiba.modelo.ContenedorTests" time="0.001"/>
  <testcase name="validarArgumentosCodigoVacioModeloContenedor" classname="com.ceiba.modelo.ContenedorTests" time="0.001"/>
  <system-out><![CDATA[]]></system-out>
  <system-err><![CDATA[]]></system-err>
</testsuite>
