<?xml version="1.0" encoding="UTF-8"?>
<testsuite name="com.ceiba.modelo.RetirarContenedorTest" tests="4" skipped="0" failures="0" errors="0" timestamp="2020-01-29T15:53:38" hostname="ANDRES-OROZCO" time="0.063">
  <properties/>
  <testcase name="validarArgumentoPagoVacioRespuestaSalida" classname="com.ceiba.modelo.RetirarContenedorTest" time="0.059"/>
  <testcase name="validarArgumentoFechaIngresoRespuestaSalida" classname="com.ceiba.modelo.RetirarContenedorTest" time="0.001"/>
  <testcase name="validarArgumentoCodigoVacioRespuestaSalida" classname="com.ceiba.modelo.RetirarContenedorTest" time="0.001"/>
  <testcase name="validarArgumentoFechaSalidaVaciaRespuestaSalida" classname="com.ceiba.modelo.RetirarContenedorTest" time="0.001"/>
  <system-out><![CDATA[]]></system-out>
  <system-err><![CDATA[]]></system-err>
</testsuite>
